2024-02-25 17:07:04.754366 (3675602) main____ INFO    ----------------------------------------
2024-02-25 17:07:04.754437 (3675602) main____ INFO    Jasper version info
2024-02-25 17:07:04.754448 (3675602) main____ INFO      tool      : Jasper 2023.09
2024-02-25 17:07:04.754458 (3675602) main____ INFO      version   : 2023.09p002 64 bits
2024-02-25 17:07:04.754466 (3675602) main____ INFO      build date: 2023.11.21 13:10:30 UTC
2024-02-25 17:07:04.754473 (3675602) main____ INFO    ----------------------------------------
2024-02-25 17:07:04.754479 (3675602) main____ INFO    Runtime info:
2024-02-25 17:07:04.754487 (3675602) main____ INFO      platform  : Linux 4.18.0-477.27.1.el8_8.x86_64 x86_64
2024-02-25 17:07:04.754498 (3675602) main____ INFO      hostname  : microeletronica
2024-02-25 17:07:04.754505 (3675602) main____ INFO      pid       : 3675602
2024-02-25 17:07:04.754513 (3675602) main____ INFO      arguments : '-style' 'windows' 'insn_add_ch0_jg.tcl'
2024-02-25 17:07:04.754521 (3675602) main____ INFO      locale    : ANSI_X3.4-1968
2024-02-25 17:07:04.754527 (3675602) main____ INFO    ----------------------------------------
2024-02-25 17:07:04.754534 (3675602) main____ INFO    System resource limits info:
2024-02-25 17:07:04.754541 (3675602) main____ INFO      virtual memory: unlimited
2024-02-25 17:07:04.754548 (3675602) main____ INFO      cpu time      : unlimited
2024-02-25 17:07:04.754559 (3675602) main____ INFO      processes     : 513337
2024-02-25 17:07:04.754571 (3675602) main____ INFO      stack size    : 8388608 B
2024-02-25 17:07:04.754580 (3675602) main____ INFO      core file size: 0 B
2024-02-25 17:07:04.754588 (3675602) main____ INFO      open files    : 1024
2024-02-25 17:07:04.754595 (3675602) main____ INFO      file size     : unlimited
2024-02-25 17:07:04.754602 (3675602) main____ INFO    ----------------------------------------
2024-02-25 17:07:04.754608 (3675602) main____ INFO    Memory statistics:
2024-02-25 17:07:04.754615 (3675602) main____ INFO      total physical memory  : 131475068 kB
2024-02-25 17:07:04.754621 (3675602) main____ INFO      free physical memory   : 70777016 kB
2024-02-25 17:07:04.754628 (3675602) main____ INFO      committed address space: 86494164 kB
2024-02-25 17:07:04.754634 (3675602) main____ INFO    ----------------------------------------
2024-02-25 17:07:04.755351 (3675602) main____ INFO    Important environment variables:
2024-02-25 17:07:04.755375 (3675602) main____ INFO      CDS_AUTO_64BIT     : 'ALL'
2024-02-25 17:07:04.755385 (3675602) main____ INFO      CDS_DEBUGGER       : '/usr/bin/gdb'
2024-02-25 17:07:04.755394 (3675602) main____ INFO      CDS_LIC_FILE       : '5280@150.165.11.180'
2024-02-25 17:07:04.755402 (3675602) main____ INFO      CDS_Netlisting_Mode: 'Analog'
2024-02-25 17:07:04.755411 (3675602) main____ INFO      DISPLAY            : ':274.0'
2024-02-25 17:07:04.755420 (3675602) main____ INFO      JASPER             : '/Tools/cadence/JASPER2309'
2024-02-25 17:07:04.755429 (3675602) main____ INFO      JASPER_INSTALL_DIR : '/Tools/cadence/JASPER2309'
2024-02-25 17:07:04.755437 (3675602) main____ INFO      JASPER_KERNEL_CHECK: '1'
2024-02-25 17:07:04.755446 (3675602) main____ INFO      JASPER_OS_CHECK    : '1'
2024-02-25 17:07:04.755454 (3675602) main____ INFO      LANG               : 'C'
2024-02-25 17:07:04.755461 (3675602) main____ INFO    ----------------------------------------
2024-02-25 17:07:04.756261 (3675602) lic_core INFO    Initializing license system ...
2024-02-25 17:07:04.764388 (3675602) lic_core INFO    ... license system initialized.
2024-02-25 17:07:04.773286 (3675602) lic__man INFO    Claim 'main' for <ui>.
2024-02-25 17:07:04.773323 (3675602) lic_core INFO    (1) checking out 'jasper_interactive' ...
2024-02-25 17:07:04.787856 (3675602) lic_core INFO    ... (1) checkout succeeded
2024-02-25 17:07:04.787914 (3675602) lic__man INFO    Claim 'fpv' for <ui>.
2024-02-25 17:07:04.787931 (3675602) lic_core INFO    (2) checking out 'jasper_fpv' ...
2024-02-25 17:07:04.797455 (3675602) lic_core INFO    ... (2) checkout failed (error: -5) ("FLEXnet ERROR(-5, 0, 0): No such feature exists.")
2024-02-25 17:07:04.797495 (3675602) lic_core INFO    (3) checking out 'jasper_fao' ...
2024-02-25 17:07:04.810787 (3675602) lic_core INFO    ... (3) checkout succeeded
2024-02-25 17:07:04.811236 (3675602) main____ INFO    Tool inactivity delay is 480000 ms.
2024-02-25 17:07:05.453460 (3675602) lic__man INFO    Claim 'fpv' for <ui>.
2024-02-25 17:07:05.584766 (3675602) lic__man INFO    Unclaim 'fpv' for <ui>.
2024-02-25 17:07:05.584821 (3675602) lic__man INFO    Claim 'fpv' for <ui>.
2024-02-25 17:07:05.589726 (3675602) session_ INFO    Starting analysis session with session id 'session_0' (launcher: <local>) ...
2024-02-25 17:07:05.592055 (3675602) session_ INFO    Analysis session with session id 'session_0' started (pid: 3675627)
2024-02-25 17:07:06.237112 (3675602) session_ INFO    Analysis session 'session_0' connected to the console (host: 127.0.0.1:37484)
2024-02-25 17:07:06.531819 (3675602) main____ INFO    Releasing console memory by request of analysis session 'session_0'.
2024-02-25 17:07:06.533245 (3675602) lic__man INFO    Unclaim everything for 'session_0'.
2024-02-25 17:07:13.517111 (3675602) lic__man INFO    Unclaim everything for 'session_0'.
2024-02-25 17:07:16.560922 (3675602) lic__man INFO    Claim 'fpv' for 'session_0'.
2024-02-25 17:07:16.560974 (3675602) lic__man INFO    Claim 'fpv' for 'session_0/prove-0'.
2024-02-25 17:07:31.260918 (3675602) lic__man INFO    Claim 'fpv' for 'session_0'.
2024-02-25 17:08:13.420305 (3675602) lic__man INFO    Unclaim everything for 'session_0/prove-0'.
2024-02-25 17:10:33.770685 (3675602) main____ INFO    About to exit: requested from GUI
2024-02-25 17:10:34.061176 (3675602) session_ INFO    Analysis session 'session_0' disconnected.
2024-02-25 17:10:34.085017 (3675602) lic_core INFO    (1) checkin jasper_interactive
2024-02-25 17:10:34.086181 (3675602) lic_core INFO    (3) checkin jasper_fao
2024-02-25 17:10:34.087336 (3675602) main____ INFO    Exiting with status 0.
